T:\Infmgmt\Infrastrukturmanagment\FHCW_CAD_Planordner\z CAD Daten\01 Original dwg\01 Favoritenstr 226 - Stammhaus\03 Stammhaus EE.dwg,Bestandsplan  C-D,23.11.2023 08:45:21,mirjana.vucenovic,DWG To PDF.pc3,ISO full bleed A3 (297.00 x 420.00 mm),1:1,
T:\Infmgmt\Infrastrukturmanagment\FHCW_CAD_Planordner\z CAD Daten\01 Original dwg\01 Favoritenstr 226 - Stammhaus\04 Stammhaus EZ.dwg,Bestandsplan A B,23.11.2023 08:54:12,mirjana.vucenovic,DWG To PDF.pc3,ISO full bleed A3 (297.00 x 420.00 mm),1:1,
T:\Infmgmt\Infrastrukturmanagment\FHCW_CAD_Planordner\z CAD Daten\01 Original dwg\01 Favoritenstr 226 - Stammhaus\04 Stammhaus EZ.dwg,Bestandsplan C,23.11.2023 08:54:37,mirjana.vucenovic,DWG To PDF.pc3,ISO full bleed A3 (297.00 x 420.00 mm),1:1,
T:\Infmgmt\Infrastrukturmanagment\FHCW_CAD_Planordner\z CAD Daten\01 Original dwg\01 Favoritenstr 226 - Stammhaus\04 Stammhaus EZ.dwg,Bestandsplan D,23.11.2023 08:55:02,mirjana.vucenovic,DWG To PDF.pc3,ISO full bleed A3 (297.00 x 420.00 mm),1:1,
T:\Infmgmt\Infrastrukturmanagment\FHCW_CAD_Planordner\z CAD Daten\01 Original dwg\01 Favoritenstr 226 - Stammhaus\05 Stammhaus E1.dwg,Bestandsplan A,23.11.2023 08:55:49,mirjana.vucenovic,DWG To PDF.pc3,ISO full bleed A3 (297.00 x 420.00 mm),1:1,
T:\Infmgmt\Infrastrukturmanagment\FHCW_CAD_Planordner\z CAD Daten\01 Original dwg\01 Favoritenstr 226 - Stammhaus\05 Stammhaus E1.dwg,Bestandsplan B,23.11.2023 08:56:04,mirjana.vucenovic,DWG To PDF.pc3,ISO full bleed A3 (297.00 x 420.00 mm),1:1,
T:\Infmgmt\Infrastrukturmanagment\FHCW_CAD_Planordner\z CAD Daten\01 Original dwg\01 Favoritenstr 226 - Stammhaus\05 Stammhaus E1.dwg,Bestandsplan C,23.11.2023 08:56:22,mirjana.vucenovic,DWG To PDF.pc3,ISO full bleed A3 (297.00 x 420.00 mm),1:1,
T:\Infmgmt\Infrastrukturmanagment\FHCW_CAD_Planordner\z CAD Daten\01 Original dwg\01 Favoritenstr 226 - Stammhaus\05 Stammhaus E1.dwg,Bestandsplan D,23.11.2023 08:56:55,mirjana.vucenovic,DWG To PDF.pc3,ISO full bleed A3 (297.00 x 420.00 mm),1:1,
T:\Infmgmt\Infrastrukturmanagment\FHCW_CAD_Planordner\z CAD Daten\01 Original dwg\01 Favoritenstr 226 - Stammhaus\06 Stammhaus E2.dwg,Bestandsplan A,23.11.2023 08:57:56,mirjana.vucenovic,DWG To PDF.pc3,ISO full bleed A3 (297.00 x 420.00 mm),1:1,
T:\Infmgmt\Infrastrukturmanagment\FHCW_CAD_Planordner\z CAD Daten\01 Original dwg\01 Favoritenstr 226 - Stammhaus\06 Stammhaus E2.dwg,Bestandsplan B,23.11.2023 08:58:13,mirjana.vucenovic,DWG To PDF.pc3,ISO full bleed A3 (297.00 x 420.00 mm),1:1,
T:\Infmgmt\Infrastrukturmanagment\FHCW_CAD_Planordner\z CAD Daten\01 Original dwg\01 Favoritenstr 226 - Stammhaus\06 Stammhaus E2.dwg,Bestandsplan C,23.11.2023 08:58:29,mirjana.vucenovic,DWG To PDF.pc3,ISO full bleed A3 (297.00 x 420.00 mm),1:1,
T:\Infmgmt\Infrastrukturmanagment\FHCW_CAD_Planordner\z CAD Daten\01 Original dwg\01 Favoritenstr 226 - Stammhaus\06 Stammhaus E2.dwg,Bestandsplan D,23.11.2023 08:58:40,mirjana.vucenovic,DWG To PDF.pc3,ISO full bleed A3 (297.00 x 420.00 mm),1:1,
T:\Infmgmt\Infrastrukturmanagment\FHCW_CAD_Planordner\z CAD Daten\01 Original dwg\01 Favoritenstr 226 - Stammhaus\07 Stammhaus E3.dwg,Bereich A,23.11.2023 08:59:19,mirjana.vucenovic,DWG To PDF.pc3,ISO full bleed A3 (297.00 x 420.00 mm),1:1,
T:\Infmgmt\Infrastrukturmanagment\FHCW_CAD_Planordner\z CAD Daten\01 Original dwg\01 Favoritenstr 226 - Stammhaus\07 Stammhaus E3.dwg,Bereich A,23.11.2023 09:01:26,mirjana.vucenovic,DWG To PDF.pc3,ISO full bleed A3 (297.00 x 420.00 mm),1:1,
T:\Infmgmt\Infrastrukturmanagment\FHCW_CAD_Planordner\z CAD Daten\01 Original dwg\01 Favoritenstr 226 - Stammhaus\07 Stammhaus E3.dwg,Bereich A,23.11.2023 09:02:57,mirjana.vucenovic,DWG To PDF.pc3,ISO full bleed A3 (297.00 x 420.00 mm),1:1,
T:\Infmgmt\Infrastrukturmanagment\FHCW_CAD_Planordner\z CAD Daten\01 Original dwg\01 Favoritenstr 226 - Stammhaus\07 Stammhaus E3.dwg,Bereich B,23.11.2023 09:03:15,mirjana.vucenovic,DWG To PDF.pc3,ISO full bleed A3 (297.00 x 420.00 mm),1:1,
T:\Infmgmt\Infrastrukturmanagment\FHCW_CAD_Planordner\z CAD Daten\01 Original dwg\01 Favoritenstr 226 - Stammhaus\07 Stammhaus E3.dwg,Bereich C,23.11.2023 09:03:33,mirjana.vucenovic,DWG To PDF.pc3,ISO full bleed A3 (297.00 x 420.00 mm),1:1,
T:\Infmgmt\Infrastrukturmanagment\FHCW_CAD_Planordner\z CAD Daten\01 Original dwg\01 Favoritenstr 226 - Stammhaus\07 Stammhaus E3.dwg,Bereich D,23.11.2023 09:03:50,mirjana.vucenovic,DWG To PDF.pc3,ISO full bleed A3 (297.00 x 420.00 mm),1:1,
T:\Infmgmt\Infrastrukturmanagment\FHCW_CAD_Planordner\z CAD Daten\01 Original dwg\01 Favoritenstr 226 - Stammhaus\08 Stammhaus EDG.dwg,Bereich A,23.11.2023 09:05:23,mirjana.vucenovic,DWG To PDF.pc3,ISO full bleed A3 (297.00 x 420.00 mm),1:1,
T:\Infmgmt\Infrastrukturmanagment\FHCW_CAD_Planordner\z CAD Daten\01 Original dwg\01 Favoritenstr 226 - Stammhaus\08 Stammhaus EDG.dwg,Bereich B,23.11.2023 09:05:57,mirjana.vucenovic,DWG To PDF.pc3,ISO full bleed A3 (297.00 x 420.00 mm),1:1,
T:\Infmgmt\Infrastrukturmanagment\FHCW_CAD_Planordner\z CAD Daten\01 Original dwg\01 Favoritenstr 226 - Stammhaus\08 Stammhaus EDG.dwg,Bereich C,23.11.2023 09:06:09,mirjana.vucenovic,DWG To PDF.pc3,ISO full bleed A3 (297.00 x 420.00 mm),1:1,
T:\Infmgmt\Infrastrukturmanagment\FHCW_CAD_Planordner\z CAD Daten\01 Original dwg\01 Favoritenstr 226 - Stammhaus\08 Stammhaus EDG.dwg,Bereich D,23.11.2023 09:06:23,mirjana.vucenovic,DWG To PDF.pc3,ISO full bleed A3 (297.00 x 420.00 mm),1:1,
T:\Infmgmt\Infrastrukturmanagment\FHCW_CAD_Planordner\z CAD Daten\01 Original dwg\01 Favoritenstr 226 - Stammhaus\08 Stammhaus EDG.dwg,Bereich A,23.11.2023 09:16:04,mirjana.vucenovic,DWG To PDF.pc3,ISO full bleed A3 (297.00 x 420.00 mm),1:1,
T:\Infmgmt\Infrastrukturmanagment\FHCW_CAD_Planordner\z CAD Daten\01 Original dwg\01 Favoritenstr 226 - Stammhaus\08 Stammhaus EDG.dwg,Bereich B,23.11.2023 09:17:14,mirjana.vucenovic,DWG To PDF.pc3,ISO full bleed A3 (297.00 x 420.00 mm),1:1,
T:\Infmgmt\Infrastrukturmanagment\FHCW_CAD_Planordner\z CAD Daten\01 Original dwg\01 Favoritenstr 226 - Stammhaus\08 Stammhaus EDG.dwg,Bereich C,23.11.2023 09:18:05,mirjana.vucenovic,DWG To PDF.pc3,ISO full bleed A3 (297.00 x 420.00 mm),1:1,
T:\Infmgmt\Infrastrukturmanagment\FHCW_CAD_Planordner\z CAD Daten\01 Original dwg\01 Favoritenstr 226 - Stammhaus\08 Stammhaus EDG.dwg,Bereich D,23.11.2023 09:18:18,mirjana.vucenovic,DWG To PDF.pc3,ISO full bleed A3 (297.00 x 420.00 mm),1:1,
T:\Infmgmt\Infrastrukturmanagment\FHCW_CAD_Planordner\z CAD Daten\01 Original dwg\01 Favoritenstr 226 - Stammhaus\04 Stammhaus EZ.dwg,Bestandsplan D,23.11.2023 10:30:19,mirjana.vucenovic,DWG To PDF.pc3,ISO full bleed A3 (297.00 x 420.00 mm),1:1,
T:\Infmgmt\Infrastrukturmanagment\FHCW_CAD_Planordner\z CAD Daten\01 Original dwg\01 Favoritenstr 226 - Stammhaus\06 Stammhaus E2.dwg,Bestandsplan B,23.11.2023 10:32:44,mirjana.vucenovic,DWG To PDF.pc3,ISO full bleed A3 (297.00 x 420.00 mm),1:1,
T:\Infmgmt\Infrastrukturmanagment\FHCW_CAD_Planordner\z CAD Daten\01 Original dwg\01 Favoritenstr 226 - Stammhaus\06 Stammhaus E2.dwg,Bestandsplan C,23.11.2023 10:33:34,mirjana.vucenovic,DWG To PDF.pc3,ISO full bleed A3 (297.00 x 420.00 mm),1:1,
T:\Infmgmt\Infrastrukturmanagment\FHCW_CAD_Planordner\z CAD Daten\01 Original dwg\01 Favoritenstr 226 - Stammhaus\06 Stammhaus E2.dwg,Bestandsplan D,23.11.2023 10:34:40,mirjana.vucenovic,DWG To PDF.pc3,ISO full bleed A3 (297.00 x 420.00 mm),1:1,
T:\Infmgmt\Infrastrukturmanagment\FHCW_CAD_Planordner\z CAD Daten\01 Original dwg\01 Favoritenstr 226 - Stammhaus\05 Stammhaus E1.dwg,Bestandsplan D,23.11.2023 10:56:59,mirjana.vucenovic,DWG To PDF.pc3,ISO full bleed A3 (297.00 x 420.00 mm),1:1,
T:\Infmgmt\Infrastrukturmanagment\FHCW_CAD_Planordner\z CAD Daten\01 Original dwg\01 Favoritenstr 226 - Stammhaus\05 Stammhaus E1.dwg,Bestandsplan D,23.11.2023 10:59:23,mirjana.vucenovic,DWG To PDF.pc3,ISO full bleed A3 (297.00 x 420.00 mm),1:1,
